==============================================================================
Smart Hospital                                                                
==============================================================================
Smart Hospital.TestCases                                                      
==============================================================================
Smart Hospital.TestCases.Test Invalid Doctorlogin :: Test case for the inva...
==============================================================================
Unsucessfull doctor login using invalid login credentials             | PASS |
------------------------------------------------------------------------------
Unsucessfull doctor login by clicking invalid user role               | PASS |
------------------------------------------------------------------------------
Unsucessfull doctor login with blank username and password            | PASS |
------------------------------------------------------------------------------
Unsucessfull doctor login with blank username                         | PASS |
------------------------------------------------------------------------------
Unsucessfull doctor login with the blank password                     | PASS |
------------------------------------------------------------------------------
Smart Hospital.TestCases.Test Invalid Doctorlogin :: Test case for... | PASS |
5 tests, 5 passed, 0 failed
==============================================================================
Smart Hospital.TestCases                                              | PASS |
5 tests, 5 passed, 0 failed
==============================================================================
Smart Hospital                                                        | PASS |
5 tests, 5 passed, 0 failed
==============================================================================
Output:  C:\Users\KARTHIPRIYA R\OneDrive\Desktop\SmartHospital\Smart_Hospital\pabot_results\2\output.xml
